<?xml version="1.0" encoding="UTF-8"?>
<!-- Generated by org.testng.reporters.JUnitXMLReporter -->
<testsuite hostname="balajis-mbp" ignored="1" name="Default test(failed)" tests="1" failures="0" timestamp="2020-01-23T20:39:35 IST" time="6.524" errors="0">
  <testcase name="invalidCredential" time="1.587" classname="com.google.test.LoginTest"/>
  <testcase name="validCredential" time="0.0" classname="com.google.test.LoginTest">
    <ignored/>
  </testcase> <!-- validCredential -->
</testsuite> <!-- Default test(failed) -->
