<?xml version="1.0" encoding="UTF-8"?>
<!-- Generated by org.testng.reporters.JUnitXMLReporter -->
<testsuite hostname="balajis-mbp" ignored="2" name="EMR Test1" tests="1" failures="0" timestamp="2020-01-31T22:57:04 IST" time="0.116" errors="0">
  <testcase name="invalidCredentialTest" time="0.0" classname="com.google.test.LoginTest">
    <skipped/>
  </testcase> <!-- invalidCredentialTest -->
  <testcase name="invalidCredentialsTest" time="0.0" classname="com.google.test.LoginTest">
    <ignored/>
  </testcase> <!-- invalidCredentialsTest -->
  <testcase name="validCredentialTest" time="0.0" classname="com.google.test.LoginTest">
    <ignored/>
  </testcase> <!-- validCredentialTest -->
</testsuite> <!-- EMR Test1 -->
